<?xml version="1.0" encoding="UTF-8"?>
<!-- Generated by org.testng.reporters.JUnitXMLReporter -->
<testsuite hostname="ubuntu" name="Command line test" tests="23" failures="0" timestamp="27 Feb 2015 11:43:42 GMT" time="38.561" errors="0">
  <testcase name="TestA_DBConnectionOK" time="2.949" classname="storm.twitter.bolt.FrameworkTest"/>
  <testcase name="TestB_illegalTupleInput" time="0.937" classname="storm.twitter.bolt.FrameworkTest"/>
  <testcase name="TestB_illegalTupleInput" time="0.056" classname="storm.twitter.bolt.FrameworkTest"/>
  <testcase name="TestC_EmitNewTweet" time="0.23" classname="storm.twitter.bolt.FrameworkTest"/>
  <testcase name="TestD_UpdateOldTweet" time="0.136" classname="storm.twitter.bolt.FrameworkTest"/>
  <testcase name="TestDeclareOutputFields_AnalysisBolt" time="0.083" classname="storm.twitter.bolt.FrameworkTest"/>
  <testcase name="TestDeclareOutputFields_MongoSaveBolt" time="0.016" classname="storm.twitter.bolt.FrameworkTest"/>
  <testcase name="TestDeclareOutputFields_TweetUpdateBolt" time="0.013" classname="storm.twitter.bolt.FrameworkTest"/>
  <testcase name="TestE_prepareAnalysisBolt" time="4.713" classname="storm.twitter.bolt.FrameworkTest"/>
  <testcase name="TestF_extractSentiment" time="3.759" classname="storm.twitter.bolt.FrameworkTest"/>
  <testcase name="TestF_extractSentiment" time="2.339" classname="storm.twitter.bolt.FrameworkTest"/>
  <testcase name="TestF_extractSentiment" time="3.264" classname="storm.twitter.bolt.FrameworkTest"/>
  <testcase name="TestF_extractSentiment" time="3.413" classname="storm.twitter.bolt.FrameworkTest"/>
  <testcase name="TestF_extractSentiment" time="2.438" classname="storm.twitter.bolt.FrameworkTest"/>
  <testcase name="TestF_extractSentiment" time="2.701" classname="storm.twitter.bolt.FrameworkTest"/>
  <testcase name="TestG_EmitNewTweet" time="2.73" classname="storm.twitter.bolt.FrameworkTest"/>
  <testcase name="TestG_illegalTupleInput" time="2.959" classname="storm.twitter.bolt.FrameworkTest"/>
  <testcase name="TestG_illegalTupleInput" time="2.284" classname="storm.twitter.bolt.FrameworkTest"/>
  <testcase name="TestH_illegalTupleInput" time="0.022" classname="storm.twitter.bolt.FrameworkTest"/>
  <testcase name="TestH_illegalTupleInput" time="0.038" classname="storm.twitter.bolt.FrameworkTest"/>
  <testcase name="TestI_AnalyseAndSave" time="0.433" classname="storm.twitter.bolt.FrameworkTest"/>
  <testcase name="TestK" time="2.587" classname="storm.twitter.bolt.FrameworkTest"/>
  <testcase name="TestZ_DropDB" time="0.043" classname="storm.twitter.bolt.FrameworkTest"/>
</testsuite> <!-- Command line test -->
