<?xml version="1.0" encoding="UTF-8"?>
<!-- Generated by org.testng.reporters.JUnitXMLReporter -->
<testsuite hostname="ubuntu" name="Command line test" tests="7" failures="0" timestamp="18 Nov 2014 10:26:49 GMT" time="1.903" errors="0">
  <testcase name="TestA_DBConnectionOK" time="1.112" classname="storm.starter.bolt.TweetUpdateBoltTest"/>
  <testcase name="TestB_EmitNewTweet" time="0.38" classname="storm.starter.bolt.TweetUpdateBoltTest"/>
  <testcase name="TestC_UpdateOldTweet" time="0.098" classname="storm.starter.bolt.TweetUpdateBoltTest"/>
  <testcase name="TestDeclareOutputFields_TweetUpdateBolt" time="0.049" classname="storm.starter.bolt.TweetUpdateBoltTest"/>
  <testcase name="TestZ_DropDB" time="0.066" classname="storm.starter.bolt.TweetUpdateBoltTest"/>
  <testcase name="illegalDBParametersShouldThrowException" time="0.065" classname="storm.starter.bolt.TweetUpdateBoltTest"/>
  <testcase name="illegalDBParametersShouldThrowException" time="0.079" classname="storm.starter.bolt.TweetUpdateBoltTest"/>
</testsuite> <!-- Command line test -->
