<?xml version="1.0" encoding="UTF-8"?>
<testng-results skipped="0" failed="0" total="23" passed="23">
  <reporter-output>
  </reporter-output>
  <suite name="storm.twitter.bolt.FrameworkTest" duration-ms="38561" started-at="2015-02-27T11:43:04Z" finished-at="2015-02-27T11:43:42Z">
    <groups>
    </groups>
    <test name="Command line test" duration-ms="38561" started-at="2015-02-27T11:43:04Z" finished-at="2015-02-27T11:43:42Z">
      <class name="storm.twitter.bolt.FrameworkTest">
        <test-method status="PASS" signature="TestA_DBConnectionOK()[pri:0, instance:storm.twitter.bolt.FrameworkTest@45490852]" name="TestA_DBConnectionOK" duration-ms="2949" started-at="2015-02-27T12:43:04Z" finished-at="2015-02-27T12:43:07Z">
          <reporter-output>
          </reporter-output>
        </test-method> <!-- TestA_DBConnectionOK -->
        <test-method status="PASS" signature="TestB_illegalTupleInput(java.lang.String)[pri:0, instance:storm.twitter.bolt.FrameworkTest@45490852]" name="TestB_illegalTupleInput" duration-ms="937" started-at="2015-02-27T12:43:07Z" data-provider="illegalTupleInput" finished-at="2015-02-27T12:43:08Z">
          <params>
            <param index="0">
              <value>
                <![CDATA[]]>
              </value>
            </param>
          </params>
          <exception class="java.lang.NullPointerException">
            <full-stacktrace>
              <![CDATA[java.lang.NullPointerException
	at storm.twitter.bolt.TweetUpdateBolt.execute(TweetUpdateBolt.java:98)
	at storm.twitter.bolt.FrameworkTest.TestB_illegalTupleInput(FrameworkTest.java:137)
	at sun.reflect.NativeMethodAccessorImpl.invoke0(Native Method)
	at sun.reflect.NativeMethodAccessorImpl.invoke(NativeMethodAccessorImpl.java:57)
	at sun.reflect.DelegatingMethodAccessorImpl.invoke(DelegatingMethodAccessorImpl.java:43)
	at java.lang.reflect.Method.invoke(Method.java:606)
	at org.testng.internal.MethodInvocationHelper.invokeMethod(MethodInvocationHelper.java:84)
	at org.testng.internal.Invoker.invokeMethod(Invoker.java:714)
	at org.testng.internal.Invoker.invokeTestMethod(Invoker.java:901)
	at org.testng.internal.Invoker.invokeTestMethods(Invoker.java:1231)
	at org.testng.internal.TestMethodWorker.invokeTestMethods(TestMethodWorker.java:127)
	at org.testng.internal.TestMethodWorker.run(TestMethodWorker.java:111)
	at org.testng.TestRunner.privateRun(TestRunner.java:767)
	at org.testng.TestRunner.run(TestRunner.java:617)
	at org.testng.SuiteRunner.runTest(SuiteRunner.java:334)
	at org.testng.SuiteRunner.runSequentially(SuiteRunner.java:329)
	at org.testng.SuiteRunner.privateRun(SuiteRunner.java:291)
	at org.testng.SuiteRunner.run(SuiteRunner.java:240)
	at org.testng.SuiteRunnerWorker.runSuite(SuiteRunnerWorker.java:52)
	at org.testng.SuiteRunnerWorker.run(SuiteRunnerWorker.java:86)
	at org.testng.TestNG.runSuitesSequentially(TestNG.java:1224)
	at org.testng.TestNG.runSuitesLocally(TestNG.java:1149)
	at org.testng.TestNG.run(TestNG.java:1057)
	at org.apache.maven.surefire.testng.TestNGExecutor.run(TestNGExecutor.java:70)
	at org.apache.maven.surefire.testng.TestNGDirectoryTestSuite.execute(TestNGDirectoryTestSuite.java:108)
	at org.apache.maven.surefire.testng.TestNGProvider.invoke(TestNGProvider.java:111)
	at sun.reflect.NativeMethodAccessorImpl.invoke0(Native Method)
	at sun.reflect.NativeMethodAccessorImpl.invoke(NativeMethodAccessorImpl.java:57)
	at sun.reflect.DelegatingMethodAccessorImpl.invoke(DelegatingMethodAccessorImpl.java:43)
	at java.lang.reflect.Method.invoke(Method.java:606)
	at org.apache.maven.surefire.util.ReflectionUtils.invokeMethodWithArray(ReflectionUtils.java:164)
	at org.apache.maven.surefire.booter.ProviderFactory$ProviderProxy.invoke(ProviderFactory.java:110)
	at org.apache.maven.surefire.booter.SurefireStarter.invokeProvider(SurefireStarter.java:172)
	at org.apache.maven.surefire.booter.SurefireStarter.runSuitesInProcessWhenForked(SurefireStarter.java:104)
	at org.apache.maven.surefire.booter.ForkedBooter.main(ForkedBooter.java:70)
]]>
            </full-stacktrace>
          </exception> <!-- java.lang.NullPointerException -->
          <reporter-output>
          </reporter-output>
        </test-method> <!-- TestB_illegalTupleInput -->
        <test-method status="PASS" signature="TestB_illegalTupleInput(java.lang.String)[pri:0, instance:storm.twitter.bolt.FrameworkTest@45490852]" name="TestB_illegalTupleInput" duration-ms="56" started-at="2015-02-27T12:43:08Z" data-provider="illegalTupleInput" finished-at="2015-02-27T12:43:08Z">
          <params>
            <param index="0">
              <value>
                <![CDATA[illegal input]]>
              </value>
            </param>
          </params>
          <exception class="java.lang.NullPointerException">
            <full-stacktrace>
              <![CDATA[java.lang.NullPointerException
	at storm.twitter.bolt.TweetUpdateBolt.execute(TweetUpdateBolt.java:98)
	at storm.twitter.bolt.FrameworkTest.TestB_illegalTupleInput(FrameworkTest.java:137)
	at sun.reflect.NativeMethodAccessorImpl.invoke0(Native Method)
	at sun.reflect.NativeMethodAccessorImpl.invoke(NativeMethodAccessorImpl.java:57)
	at sun.reflect.DelegatingMethodAccessorImpl.invoke(DelegatingMethodAccessorImpl.java:43)
	at java.lang.reflect.Method.invoke(Method.java:606)
	at org.testng.internal.MethodInvocationHelper.invokeMethod(MethodInvocationHelper.java:84)
	at org.testng.internal.Invoker.invokeMethod(Invoker.java:714)
	at org.testng.internal.Invoker.invokeTestMethod(Invoker.java:901)
	at org.testng.internal.Invoker.invokeTestMethods(Invoker.java:1231)
	at org.testng.internal.TestMethodWorker.invokeTestMethods(TestMethodWorker.java:127)
	at org.testng.internal.TestMethodWorker.run(TestMethodWorker.java:111)
	at org.testng.TestRunner.privateRun(TestRunner.java:767)
	at org.testng.TestRunner.run(TestRunner.java:617)
	at org.testng.SuiteRunner.runTest(SuiteRunner.java:334)
	at org.testng.SuiteRunner.runSequentially(SuiteRunner.java:329)
	at org.testng.SuiteRunner.privateRun(SuiteRunner.java:291)
	at org.testng.SuiteRunner.run(SuiteRunner.java:240)
	at org.testng.SuiteRunnerWorker.runSuite(SuiteRunnerWorker.java:52)
	at org.testng.SuiteRunnerWorker.run(SuiteRunnerWorker.java:86)
	at org.testng.TestNG.runSuitesSequentially(TestNG.java:1224)
	at org.testng.TestNG.runSuitesLocally(TestNG.java:1149)
	at org.testng.TestNG.run(TestNG.java:1057)
	at org.apache.maven.surefire.testng.TestNGExecutor.run(TestNGExecutor.java:70)
	at org.apache.maven.surefire.testng.TestNGDirectoryTestSuite.execute(TestNGDirectoryTestSuite.java:108)
	at org.apache.maven.surefire.testng.TestNGProvider.invoke(TestNGProvider.java:111)
	at sun.reflect.NativeMethodAccessorImpl.invoke0(Native Method)
	at sun.reflect.NativeMethodAccessorImpl.invoke(NativeMethodAccessorImpl.java:57)
	at sun.reflect.DelegatingMethodAccessorImpl.invoke(DelegatingMethodAccessorImpl.java:43)
	at java.lang.reflect.Method.invoke(Method.java:606)
	at org.apache.maven.surefire.util.ReflectionUtils.invokeMethodWithArray(ReflectionUtils.java:164)
	at org.apache.maven.surefire.booter.ProviderFactory$ProviderProxy.invoke(ProviderFactory.java:110)
	at org.apache.maven.surefire.booter.SurefireStarter.invokeProvider(SurefireStarter.java:172)
	at org.apache.maven.surefire.booter.SurefireStarter.runSuitesInProcessWhenForked(SurefireStarter.java:104)
	at org.apache.maven.surefire.booter.ForkedBooter.main(ForkedBooter.java:70)
]]>
            </full-stacktrace>
          </exception> <!-- java.lang.NullPointerException -->
          <reporter-output>
          </reporter-output>
        </test-method> <!-- TestB_illegalTupleInput -->
        <test-method status="PASS" signature="TestC_EmitNewTweet()[pri:0, instance:storm.twitter.bolt.FrameworkTest@45490852]" name="TestC_EmitNewTweet" duration-ms="230" started-at="2015-02-27T12:43:08Z" finished-at="2015-02-27T12:43:08Z">
          <reporter-output>
          </reporter-output>
        </test-method> <!-- TestC_EmitNewTweet -->
        <test-method status="PASS" signature="TestD_UpdateOldTweet()[pri:0, instance:storm.twitter.bolt.FrameworkTest@45490852]" name="TestD_UpdateOldTweet" duration-ms="136" started-at="2015-02-27T12:43:08Z" finished-at="2015-02-27T12:43:08Z">
          <reporter-output>
          </reporter-output>
        </test-method> <!-- TestD_UpdateOldTweet -->
        <test-method status="PASS" signature="TestDeclareOutputFields_AnalysisBolt()[pri:0, instance:storm.twitter.bolt.FrameworkTest@45490852]" name="TestDeclareOutputFields_AnalysisBolt" duration-ms="83" started-at="2015-02-27T12:43:08Z" finished-at="2015-02-27T12:43:08Z">
          <reporter-output>
          </reporter-output>
        </test-method> <!-- TestDeclareOutputFields_AnalysisBolt -->
        <test-method status="PASS" signature="TestDeclareOutputFields_MongoSaveBolt()[pri:0, instance:storm.twitter.bolt.FrameworkTest@45490852]" name="TestDeclareOutputFields_MongoSaveBolt" duration-ms="16" started-at="2015-02-27T12:43:08Z" finished-at="2015-02-27T12:43:08Z">
          <reporter-output>
          </reporter-output>
        </test-method> <!-- TestDeclareOutputFields_MongoSaveBolt -->
        <test-method status="PASS" signature="TestDeclareOutputFields_TweetUpdateBolt()[pri:0, instance:storm.twitter.bolt.FrameworkTest@45490852]" name="TestDeclareOutputFields_TweetUpdateBolt" duration-ms="13" started-at="2015-02-27T12:43:08Z" finished-at="2015-02-27T12:43:08Z">
          <reporter-output>
          </reporter-output>
        </test-method> <!-- TestDeclareOutputFields_TweetUpdateBolt -->
        <test-method status="PASS" signature="TestE_prepareAnalysisBolt()[pri:0, instance:storm.twitter.bolt.FrameworkTest@45490852]" name="TestE_prepareAnalysisBolt" duration-ms="4713" started-at="2015-02-27T12:43:08Z" finished-at="2015-02-27T12:43:13Z">
          <reporter-output>
          </reporter-output>
        </test-method> <!-- TestE_prepareAnalysisBolt -->
        <test-method status="PASS" signature="TestF_extractSentiment(java.lang.String)[pri:0, instance:storm.twitter.bolt.FrameworkTest@45490852]" name="TestF_extractSentiment" duration-ms="3759" started-at="2015-02-27T12:43:13Z" data-provider="wordsInput" finished-at="2015-02-27T12:43:17Z">
          <params>
            <param index="0">
              <value>
                <![CDATA[]]>
              </value>
            </param>
          </params>
          <reporter-output>
          </reporter-output>
        </test-method> <!-- TestF_extractSentiment -->
        <test-method status="PASS" signature="TestF_extractSentiment(java.lang.String)[pri:0, instance:storm.twitter.bolt.FrameworkTest@45490852]" name="TestF_extractSentiment" duration-ms="2339" started-at="2015-02-27T12:43:17Z" data-provider="wordsInput" finished-at="2015-02-27T12:43:19Z">
          <params>
            <param index="0">
              <value>
                <![CDATA[good]]>
              </value>
            </param>
          </params>
          <reporter-output>
          </reporter-output>
        </test-method> <!-- TestF_extractSentiment -->
        <test-method status="PASS" signature="TestF_extractSentiment(java.lang.String)[pri:0, instance:storm.twitter.bolt.FrameworkTest@45490852]" name="TestF_extractSentiment" duration-ms="3264" started-at="2015-02-27T12:43:19Z" data-provider="wordsInput" finished-at="2015-02-27T12:43:23Z">
          <params>
            <param index="0">
              <value>
                <![CDATA[amazing]]>
              </value>
            </param>
          </params>
          <reporter-output>
          </reporter-output>
        </test-method> <!-- TestF_extractSentiment -->
        <test-method status="PASS" signature="TestF_extractSentiment(java.lang.String)[pri:0, instance:storm.twitter.bolt.FrameworkTest@45490852]" name="TestF_extractSentiment" duration-ms="3413" started-at="2015-02-27T12:43:23Z" data-provider="wordsInput" finished-at="2015-02-27T12:43:26Z">
          <params>
            <param index="0">
              <value>
                <![CDATA[door]]>
              </value>
            </param>
          </params>
          <reporter-output>
          </reporter-output>
        </test-method> <!-- TestF_extractSentiment -->
        <test-method status="PASS" signature="TestF_extractSentiment(java.lang.String)[pri:0, instance:storm.twitter.bolt.FrameworkTest@45490852]" name="TestF_extractSentiment" duration-ms="2438" started-at="2015-02-27T12:43:26Z" data-provider="wordsInput" finished-at="2015-02-27T12:43:28Z">
          <params>
            <param index="0">
              <value>
                <![CDATA[strike]]>
              </value>
            </param>
          </params>
          <reporter-output>
          </reporter-output>
        </test-method> <!-- TestF_extractSentiment -->
        <test-method status="PASS" signature="TestF_extractSentiment(java.lang.String)[pri:0, instance:storm.twitter.bolt.FrameworkTest@45490852]" name="TestF_extractSentiment" duration-ms="2701" started-at="2015-02-27T12:43:28Z" data-provider="wordsInput" finished-at="2015-02-27T12:43:31Z">
          <params>
            <param index="0">
              <value>
                <![CDATA[nervous]]>
              </value>
            </param>
          </params>
          <reporter-output>
          </reporter-output>
        </test-method> <!-- TestF_extractSentiment -->
        <test-method status="PASS" signature="TestG_EmitNewTweet()[pri:0, instance:storm.twitter.bolt.FrameworkTest@45490852]" name="TestG_EmitNewTweet" duration-ms="2730" started-at="2015-02-27T12:43:31Z" finished-at="2015-02-27T12:43:34Z">
          <reporter-output>
          </reporter-output>
        </test-method> <!-- TestG_EmitNewTweet -->
        <test-method status="PASS" signature="TestG_illegalTupleInput(java.lang.String)[pri:0, instance:storm.twitter.bolt.FrameworkTest@45490852]" name="TestG_illegalTupleInput" duration-ms="2959" started-at="2015-02-27T12:43:34Z" data-provider="illegalTupleInput" finished-at="2015-02-27T12:43:37Z">
          <params>
            <param index="0">
              <value>
                <![CDATA[]]>
              </value>
            </param>
          </params>
          <exception class="java.lang.NullPointerException">
            <full-stacktrace>
              <![CDATA[java.lang.NullPointerException
	at storm.twitter.bolt.AnalysisBolt.execute(AnalysisBolt.java:167)
	at storm.twitter.bolt.FrameworkTest.TestG_illegalTupleInput(FrameworkTest.java:257)
	at sun.reflect.NativeMethodAccessorImpl.invoke0(Native Method)
	at sun.reflect.NativeMethodAccessorImpl.invoke(NativeMethodAccessorImpl.java:57)
	at sun.reflect.DelegatingMethodAccessorImpl.invoke(DelegatingMethodAccessorImpl.java:43)
	at java.lang.reflect.Method.invoke(Method.java:606)
	at org.testng.internal.MethodInvocationHelper.invokeMethod(MethodInvocationHelper.java:84)
	at org.testng.internal.Invoker.invokeMethod(Invoker.java:714)
	at org.testng.internal.Invoker.invokeTestMethod(Invoker.java:901)
	at org.testng.internal.Invoker.invokeTestMethods(Invoker.java:1231)
	at org.testng.internal.TestMethodWorker.invokeTestMethods(TestMethodWorker.java:127)
	at org.testng.internal.TestMethodWorker.run(TestMethodWorker.java:111)
	at org.testng.TestRunner.privateRun(TestRunner.java:767)
	at org.testng.TestRunner.run(TestRunner.java:617)
	at org.testng.SuiteRunner.runTest(SuiteRunner.java:334)
	at org.testng.SuiteRunner.runSequentially(SuiteRunner.java:329)
	at org.testng.SuiteRunner.privateRun(SuiteRunner.java:291)
	at org.testng.SuiteRunner.run(SuiteRunner.java:240)
	at org.testng.SuiteRunnerWorker.runSuite(SuiteRunnerWorker.java:52)
	at org.testng.SuiteRunnerWorker.run(SuiteRunnerWorker.java:86)
	at org.testng.TestNG.runSuitesSequentially(TestNG.java:1224)
	at org.testng.TestNG.runSuitesLocally(TestNG.java:1149)
	at org.testng.TestNG.run(TestNG.java:1057)
	at org.apache.maven.surefire.testng.TestNGExecutor.run(TestNGExecutor.java:70)
	at org.apache.maven.surefire.testng.TestNGDirectoryTestSuite.execute(TestNGDirectoryTestSuite.java:108)
	at org.apache.maven.surefire.testng.TestNGProvider.invoke(TestNGProvider.java:111)
	at sun.reflect.NativeMethodAccessorImpl.invoke0(Native Method)
	at sun.reflect.NativeMethodAccessorImpl.invoke(NativeMethodAccessorImpl.java:57)
	at sun.reflect.DelegatingMethodAccessorImpl.invoke(DelegatingMethodAccessorImpl.java:43)
	at java.lang.reflect.Method.invoke(Method.java:606)
	at org.apache.maven.surefire.util.ReflectionUtils.invokeMethodWithArray(ReflectionUtils.java:164)
	at org.apache.maven.surefire.booter.ProviderFactory$ProviderProxy.invoke(ProviderFactory.java:110)
	at org.apache.maven.surefire.booter.SurefireStarter.invokeProvider(SurefireStarter.java:172)
	at org.apache.maven.surefire.booter.SurefireStarter.runSuitesInProcessWhenForked(SurefireStarter.java:104)
	at org.apache.maven.surefire.booter.ForkedBooter.main(ForkedBooter.java:70)
]]>
            </full-stacktrace>
          </exception> <!-- java.lang.NullPointerException -->
          <reporter-output>
          </reporter-output>
        </test-method> <!-- TestG_illegalTupleInput -->
        <test-method status="PASS" signature="TestG_illegalTupleInput(java.lang.String)[pri:0, instance:storm.twitter.bolt.FrameworkTest@45490852]" name="TestG_illegalTupleInput" duration-ms="2284" started-at="2015-02-27T12:43:37Z" data-provider="illegalTupleInput" finished-at="2015-02-27T12:43:39Z">
          <params>
            <param index="0">
              <value>
                <![CDATA[illegal input]]>
              </value>
            </param>
          </params>
          <exception class="java.lang.NullPointerException">
            <full-stacktrace>
              <![CDATA[java.lang.NullPointerException
	at storm.twitter.bolt.AnalysisBolt.execute(AnalysisBolt.java:167)
	at storm.twitter.bolt.FrameworkTest.TestG_illegalTupleInput(FrameworkTest.java:257)
	at sun.reflect.NativeMethodAccessorImpl.invoke0(Native Method)
	at sun.reflect.NativeMethodAccessorImpl.invoke(NativeMethodAccessorImpl.java:57)
	at sun.reflect.DelegatingMethodAccessorImpl.invoke(DelegatingMethodAccessorImpl.java:43)
	at java.lang.reflect.Method.invoke(Method.java:606)
	at org.testng.internal.MethodInvocationHelper.invokeMethod(MethodInvocationHelper.java:84)
	at org.testng.internal.Invoker.invokeMethod(Invoker.java:714)
	at org.testng.internal.Invoker.invokeTestMethod(Invoker.java:901)
	at org.testng.internal.Invoker.invokeTestMethods(Invoker.java:1231)
	at org.testng.internal.TestMethodWorker.invokeTestMethods(TestMethodWorker.java:127)
	at org.testng.internal.TestMethodWorker.run(TestMethodWorker.java:111)
	at org.testng.TestRunner.privateRun(TestRunner.java:767)
	at org.testng.TestRunner.run(TestRunner.java:617)
	at org.testng.SuiteRunner.runTest(SuiteRunner.java:334)
	at org.testng.SuiteRunner.runSequentially(SuiteRunner.java:329)
	at org.testng.SuiteRunner.privateRun(SuiteRunner.java:291)
	at org.testng.SuiteRunner.run(SuiteRunner.java:240)
	at org.testng.SuiteRunnerWorker.runSuite(SuiteRunnerWorker.java:52)
	at org.testng.SuiteRunnerWorker.run(SuiteRunnerWorker.java:86)
	at org.testng.TestNG.runSuitesSequentially(TestNG.java:1224)
	at org.testng.TestNG.runSuitesLocally(TestNG.java:1149)
	at org.testng.TestNG.run(TestNG.java:1057)
	at org.apache.maven.surefire.testng.TestNGExecutor.run(TestNGExecutor.java:70)
	at org.apache.maven.surefire.testng.TestNGDirectoryTestSuite.execute(TestNGDirectoryTestSuite.java:108)
	at org.apache.maven.surefire.testng.TestNGProvider.invoke(TestNGProvider.java:111)
	at sun.reflect.NativeMethodAccessorImpl.invoke0(Native Method)
	at sun.reflect.NativeMethodAccessorImpl.invoke(NativeMethodAccessorImpl.java:57)
	at sun.reflect.DelegatingMethodAccessorImpl.invoke(DelegatingMethodAccessorImpl.java:43)
	at java.lang.reflect.Method.invoke(Method.java:606)
	at org.apache.maven.surefire.util.ReflectionUtils.invokeMethodWithArray(ReflectionUtils.java:164)
	at org.apache.maven.surefire.booter.ProviderFactory$ProviderProxy.invoke(ProviderFactory.java:110)
	at org.apache.maven.surefire.booter.SurefireStarter.invokeProvider(SurefireStarter.java:172)
	at org.apache.maven.surefire.booter.SurefireStarter.runSuitesInProcessWhenForked(SurefireStarter.java:104)
	at org.apache.maven.surefire.booter.ForkedBooter.main(ForkedBooter.java:70)
]]>
            </full-stacktrace>
          </exception> <!-- java.lang.NullPointerException -->
          <reporter-output>
          </reporter-output>
        </test-method> <!-- TestG_illegalTupleInput -->
        <test-method status="PASS" signature="TestH_illegalTupleInput(java.lang.String)[pri:0, instance:storm.twitter.bolt.FrameworkTest@45490852]" name="TestH_illegalTupleInput" duration-ms="22" started-at="2015-02-27T12:43:39Z" data-provider="illegalTupleInput" finished-at="2015-02-27T12:43:39Z">
          <params>
            <param index="0">
              <value>
                <![CDATA[]]>
              </value>
            </param>
          </params>
          <exception class="java.lang.NullPointerException">
            <full-stacktrace>
              <![CDATA[java.lang.NullPointerException
	at storm.twitter.bolt.MongoSaveBolt.execute(MongoSaveBolt.java:105)
	at storm.twitter.bolt.FrameworkTest.TestH_illegalTupleInput(FrameworkTest.java:305)
	at sun.reflect.NativeMethodAccessorImpl.invoke0(Native Method)
	at sun.reflect.NativeMethodAccessorImpl.invoke(NativeMethodAccessorImpl.java:57)
	at sun.reflect.DelegatingMethodAccessorImpl.invoke(DelegatingMethodAccessorImpl.java:43)
	at java.lang.reflect.Method.invoke(Method.java:606)
	at org.testng.internal.MethodInvocationHelper.invokeMethod(MethodInvocationHelper.java:84)
	at org.testng.internal.Invoker.invokeMethod(Invoker.java:714)
	at org.testng.internal.Invoker.invokeTestMethod(Invoker.java:901)
	at org.testng.internal.Invoker.invokeTestMethods(Invoker.java:1231)
	at org.testng.internal.TestMethodWorker.invokeTestMethods(TestMethodWorker.java:127)
	at org.testng.internal.TestMethodWorker.run(TestMethodWorker.java:111)
	at org.testng.TestRunner.privateRun(TestRunner.java:767)
	at org.testng.TestRunner.run(TestRunner.java:617)
	at org.testng.SuiteRunner.runTest(SuiteRunner.java:334)
	at org.testng.SuiteRunner.runSequentially(SuiteRunner.java:329)
	at org.testng.SuiteRunner.privateRun(SuiteRunner.java:291)
	at org.testng.SuiteRunner.run(SuiteRunner.java:240)
	at org.testng.SuiteRunnerWorker.runSuite(SuiteRunnerWorker.java:52)
	at org.testng.SuiteRunnerWorker.run(SuiteRunnerWorker.java:86)
	at org.testng.TestNG.runSuitesSequentially(TestNG.java:1224)
	at org.testng.TestNG.runSuitesLocally(TestNG.java:1149)
	at org.testng.TestNG.run(TestNG.java:1057)
	at org.apache.maven.surefire.testng.TestNGExecutor.run(TestNGExecutor.java:70)
	at org.apache.maven.surefire.testng.TestNGDirectoryTestSuite.execute(TestNGDirectoryTestSuite.java:108)
	at org.apache.maven.surefire.testng.TestNGProvider.invoke(TestNGProvider.java:111)
	at sun.reflect.NativeMethodAccessorImpl.invoke0(Native Method)
	at sun.reflect.NativeMethodAccessorImpl.invoke(NativeMethodAccessorImpl.java:57)
	at sun.reflect.DelegatingMethodAccessorImpl.invoke(DelegatingMethodAccessorImpl.java:43)
	at java.lang.reflect.Method.invoke(Method.java:606)
	at org.apache.maven.surefire.util.ReflectionUtils.invokeMethodWithArray(ReflectionUtils.java:164)
	at org.apache.maven.surefire.booter.ProviderFactory$ProviderProxy.invoke(ProviderFactory.java:110)
	at org.apache.maven.surefire.booter.SurefireStarter.invokeProvider(SurefireStarter.java:172)
	at org.apache.maven.surefire.booter.SurefireStarter.runSuitesInProcessWhenForked(SurefireStarter.java:104)
	at org.apache.maven.surefire.booter.ForkedBooter.main(ForkedBooter.java:70)
]]>
            </full-stacktrace>
          </exception> <!-- java.lang.NullPointerException -->
          <reporter-output>
          </reporter-output>
        </test-method> <!-- TestH_illegalTupleInput -->
        <test-method status="PASS" signature="TestH_illegalTupleInput(java.lang.String)[pri:0, instance:storm.twitter.bolt.FrameworkTest@45490852]" name="TestH_illegalTupleInput" duration-ms="38" started-at="2015-02-27T12:43:39Z" data-provider="illegalTupleInput" finished-at="2015-02-27T12:43:39Z">
          <params>
            <param index="0">
              <value>
                <![CDATA[illegal input]]>
              </value>
            </param>
          </params>
          <exception class="java.lang.NullPointerException">
            <full-stacktrace>
              <![CDATA[java.lang.NullPointerException
	at storm.twitter.bolt.MongoSaveBolt.execute(MongoSaveBolt.java:105)
	at storm.twitter.bolt.FrameworkTest.TestH_illegalTupleInput(FrameworkTest.java:305)
	at sun.reflect.NativeMethodAccessorImpl.invoke0(Native Method)
	at sun.reflect.NativeMethodAccessorImpl.invoke(NativeMethodAccessorImpl.java:57)
	at sun.reflect.DelegatingMethodAccessorImpl.invoke(DelegatingMethodAccessorImpl.java:43)
	at java.lang.reflect.Method.invoke(Method.java:606)
	at org.testng.internal.MethodInvocationHelper.invokeMethod(MethodInvocationHelper.java:84)
	at org.testng.internal.Invoker.invokeMethod(Invoker.java:714)
	at org.testng.internal.Invoker.invokeTestMethod(Invoker.java:901)
	at org.testng.internal.Invoker.invokeTestMethods(Invoker.java:1231)
	at org.testng.internal.TestMethodWorker.invokeTestMethods(TestMethodWorker.java:127)
	at org.testng.internal.TestMethodWorker.run(TestMethodWorker.java:111)
	at org.testng.TestRunner.privateRun(TestRunner.java:767)
	at org.testng.TestRunner.run(TestRunner.java:617)
	at org.testng.SuiteRunner.runTest(SuiteRunner.java:334)
	at org.testng.SuiteRunner.runSequentially(SuiteRunner.java:329)
	at org.testng.SuiteRunner.privateRun(SuiteRunner.java:291)
	at org.testng.SuiteRunner.run(SuiteRunner.java:240)
	at org.testng.SuiteRunnerWorker.runSuite(SuiteRunnerWorker.java:52)
	at org.testng.SuiteRunnerWorker.run(SuiteRunnerWorker.java:86)
	at org.testng.TestNG.runSuitesSequentially(TestNG.java:1224)
	at org.testng.TestNG.runSuitesLocally(TestNG.java:1149)
	at org.testng.TestNG.run(TestNG.java:1057)
	at org.apache.maven.surefire.testng.TestNGExecutor.run(TestNGExecutor.java:70)
	at org.apache.maven.surefire.testng.TestNGDirectoryTestSuite.execute(TestNGDirectoryTestSuite.java:108)
	at org.apache.maven.surefire.testng.TestNGProvider.invoke(TestNGProvider.java:111)
	at sun.reflect.NativeMethodAccessorImpl.invoke0(Native Method)
	at sun.reflect.NativeMethodAccessorImpl.invoke(NativeMethodAccessorImpl.java:57)
	at sun.reflect.DelegatingMethodAccessorImpl.invoke(DelegatingMethodAccessorImpl.java:43)
	at java.lang.reflect.Method.invoke(Method.java:606)
	at org.apache.maven.surefire.util.ReflectionUtils.invokeMethodWithArray(ReflectionUtils.java:164)
	at org.apache.maven.surefire.booter.ProviderFactory$ProviderProxy.invoke(ProviderFactory.java:110)
	at org.apache.maven.surefire.booter.SurefireStarter.invokeProvider(SurefireStarter.java:172)
	at org.apache.maven.surefire.booter.SurefireStarter.runSuitesInProcessWhenForked(SurefireStarter.java:104)
	at org.apache.maven.surefire.booter.ForkedBooter.main(ForkedBooter.java:70)
]]>
            </full-stacktrace>
          </exception> <!-- java.lang.NullPointerException -->
          <reporter-output>
          </reporter-output>
        </test-method> <!-- TestH_illegalTupleInput -->
        <test-method status="PASS" signature="TestI_AnalyseAndSave()[pri:0, instance:storm.twitter.bolt.FrameworkTest@45490852]" name="TestI_AnalyseAndSave" duration-ms="433" started-at="2015-02-27T12:43:39Z" finished-at="2015-02-27T12:43:40Z">
          <reporter-output>
          </reporter-output>
        </test-method> <!-- TestI_AnalyseAndSave -->
        <test-method status="PASS" signature="TestK()[pri:0, instance:storm.twitter.bolt.FrameworkTest@45490852]" name="TestK" duration-ms="2587" started-at="2015-02-27T12:43:40Z" finished-at="2015-02-27T12:43:42Z">
          <reporter-output>
          </reporter-output>
        </test-method> <!-- TestK -->
        <test-method status="PASS" signature="TestZ_DropDB()[pri:0, instance:storm.twitter.bolt.FrameworkTest@45490852]" name="TestZ_DropDB" duration-ms="43" started-at="2015-02-27T12:43:42Z" finished-at="2015-02-27T12:43:42Z">
          <reporter-output>
          </reporter-output>
        </test-method> <!-- TestZ_DropDB -->
      </class> <!-- storm.twitter.bolt.FrameworkTest -->
    </test> <!-- Command line test -->
  </suite> <!-- storm.twitter.bolt.FrameworkTest -->
</testng-results>
