<?xml version="1.0" encoding="UTF-8" ?>
<testsuite failures="0" time="12.514" errors="0" skipped="0" tests="23" name="storm.starter.bolt.FrameworkTest">
  <properties>
[...]
</properties>
  <testcase time="0.936" classname="storm.starter.bolt.FrameworkTest" name="TestA_DBConnectionOK"/>
  <testcase time="0.243" classname="storm.starter.bolt.FrameworkTest" name="TestB_illegalTupleInput"/>
  <testcase time="0.008" classname="storm.starter.bolt.FrameworkTest" name="TestB_illegalTupleInput"/>
  <testcase time="0.047" classname="storm.starter.bolt.FrameworkTest" name="TestC_EmitNewTweet"/>
  <testcase time="0.039" classname="storm.starter.bolt.FrameworkTest" name="TestD_UpdateOldTweet"/>
  <testcase time="0.029" classname="storm.starter.bolt.FrameworkTest" name="TestDeclareOutputFields_AnalysisBolt"/>
  <testcase time="0.003" classname="storm.starter.bolt.FrameworkTest" name="TestDeclareOutputFields_MongoSaveBolt"/>
  <testcase time="0.005" classname="storm.starter.bolt.FrameworkTest" name="TestDeclareOutputFields_TweetUpdateBolt"/>
  <testcase time="1.375" classname="storm.starter.bolt.FrameworkTest" name="TestE_prepareAnalysisBolt"/>
  <testcase time="1.003" classname="storm.starter.bolt.FrameworkTest" name="TestF_extractSentiment"/>
  <testcase time="0.734" classname="storm.starter.bolt.FrameworkTest" name="TestF_extractSentiment"/>
  <testcase time="0.773" classname="storm.starter.bolt.FrameworkTest" name="TestF_extractSentiment"/>
  <testcase time="0.747" classname="storm.starter.bolt.FrameworkTest" name="TestF_extractSentiment"/>
  <testcase time="0.689" classname="storm.starter.bolt.FrameworkTest" name="TestF_extractSentiment"/>
  <testcase time="0.726" classname="storm.starter.bolt.FrameworkTest" name="TestF_extractSentiment"/>
  <testcase time="0.713" classname="storm.starter.bolt.FrameworkTest" name="TestG_EmitNewTweet"/>
  <testcase time="0.759" classname="storm.starter.bolt.FrameworkTest" name="TestG_illegalTupleInput"/>
  <testcase time="0.694" classname="storm.starter.bolt.FrameworkTest" name="TestG_illegalTupleInput"/>
  <testcase time="0.004" classname="storm.starter.bolt.FrameworkTest" name="TestH_illegalTupleInput"/>
  <testcase time="0.015" classname="storm.starter.bolt.FrameworkTest" name="TestH_illegalTupleInput"/>
  <testcase time="0.167" classname="storm.starter.bolt.FrameworkTest" name="TestI_AnalyseAndSave"/>
  <testcase time="2.231" classname="storm.starter.bolt.FrameworkTest" name="TestK"/>
  <testcase time="0.039" classname="storm.starter.bolt.FrameworkTest" name="TestZ_DropDB"/>
</testsuite>