<?xml version="1.0" encoding="UTF-8"?>
<!-- Generated by org.testng.reporters.JUnitXMLReporter -->
<testsuite hostname="ubuntu" name="Command line test" tests="23" failures="0" timestamp="22 Dec 2014 10:51:55 GMT" time="12.031" errors="0">
  <testcase name="TestA_DBConnectionOK" time="0.944" classname="storm.starter.bolt.FrameworkTest"/>
  <testcase name="TestB_illegalTupleInput" time="0.243" classname="storm.starter.bolt.FrameworkTest"/>
  <testcase name="TestB_illegalTupleInput" time="0.004" classname="storm.starter.bolt.FrameworkTest"/>
  <testcase name="TestC_EmitNewTweet" time="0.049" classname="storm.starter.bolt.FrameworkTest"/>
  <testcase name="TestD_UpdateOldTweet" time="0.04" classname="storm.starter.bolt.FrameworkTest"/>
  <testcase name="TestDeclareOutputFields_AnalysisBolt" time="0.029" classname="storm.starter.bolt.FrameworkTest"/>
  <testcase name="TestDeclareOutputFields_MongoSaveBolt" time="0.002" classname="storm.starter.bolt.FrameworkTest"/>
  <testcase name="TestDeclareOutputFields_TweetUpdateBolt" time="0.004" classname="storm.starter.bolt.FrameworkTest"/>
  <testcase name="TestE_prepareAnalysisBolt" time="1.375" classname="storm.starter.bolt.FrameworkTest"/>
  <testcase name="TestF_extractSentiment" time="1.003" classname="storm.starter.bolt.FrameworkTest"/>
  <testcase name="TestF_extractSentiment" time="0.734" classname="storm.starter.bolt.FrameworkTest"/>
  <testcase name="TestF_extractSentiment" time="0.77" classname="storm.starter.bolt.FrameworkTest"/>
  <testcase name="TestF_extractSentiment" time="0.746" classname="storm.starter.bolt.FrameworkTest"/>
  <testcase name="TestF_extractSentiment" time="0.689" classname="storm.starter.bolt.FrameworkTest"/>
  <testcase name="TestF_extractSentiment" time="0.726" classname="storm.starter.bolt.FrameworkTest"/>
  <testcase name="TestG_EmitNewTweet" time="0.712" classname="storm.starter.bolt.FrameworkTest"/>
  <testcase name="TestG_illegalTupleInput" time="0.759" classname="storm.starter.bolt.FrameworkTest"/>
  <testcase name="TestG_illegalTupleInput" time="0.695" classname="storm.starter.bolt.FrameworkTest"/>
  <testcase name="TestH_illegalTupleInput" time="0.003" classname="storm.starter.bolt.FrameworkTest"/>
  <testcase name="TestH_illegalTupleInput" time="0.015" classname="storm.starter.bolt.FrameworkTest"/>
  <testcase name="TestI_AnalyseAndSave" time="0.167" classname="storm.starter.bolt.FrameworkTest"/>
  <testcase name="TestK" time="2.231" classname="storm.starter.bolt.FrameworkTest"/>
  <testcase name="TestZ_DropDB" time="0.039" classname="storm.starter.bolt.FrameworkTest"/>
</testsuite> <!-- Command line test -->
